This is pdfTeX, Version 3.141592653-2.6-1.40.28 (TeX Live 2025) (preloaded format=pdflatex 2025.8.29)  3 SEP 2025 08:20
entering extended mode
 restricted \write18 enabled.
 file:line:error style messages enabled.
 %&-line parsing enabled.
**c:/Users/ap6980/Box/Calle/DA339A/F9-Metoder/F9-Metoder.tex
(c:/Users/ap6980/Box/Calle/DA339A/F9-Metoder/F9-Metoder.tex
LaTeX2e <2025-06-01> patch level 1
L3 programming layer <2025-08-13>
(c:/texlive/2025/texmf-dist/tex/latex/beamer/beamer.cls
Document Class: beamer 2025/08/13 v3.76 A class for typesetting presentations
(c:/texlive/2025/texmf-dist/tex/latex/beamer/beamerbasemodes.sty (c:/texlive/2025/texmf-dist/tex/latex/etoolbox/etoolbox.sty
Package: etoolbox 2025/02/11 v2.5l e-TeX tools for LaTeX (JAW)
\etb@tempcnta=\count275
)
\beamer@tempbox=\box53
\beamer@tempcount=\count276
\c@beamerpauses=\count277
 (c:/texlive/2025/texmf-dist/tex/latex/beamer/beamerbasedecode.sty
\beamer@slideinframe=\count278
\beamer@minimum=\count279
\beamer@decode@box=\box54
)
\beamer@commentbox=\box55
\beamer@modecount=\count280
) (c:/texlive/2025/texmf-dist/tex/generic/iftex/iftex.sty
Package: iftex 2024/12/12 v1.0g TeX engine tests
)
\headdp=\dimen148
\footheight=\dimen149
\sidebarheight=\dimen150
\beamer@tempdim=\dimen151
\beamer@finalheight=\dimen152
\beamer@animht=\dimen153
\beamer@animdp=\dimen154
\beamer@animwd=\dimen155
\beamer@leftmargin=\dimen156
\beamer@rightmargin=\dimen157
\beamer@leftsidebar=\dimen158
\beamer@rightsidebar=\dimen159
\beamer@boxsize=\dimen160
\beamer@vboxoffset=\dimen161
\beamer@descdefault=\dimen162
\beamer@descriptionwidth=\dimen163
\beamer@lastskip=\skip49
\beamer@areabox=\box56
\beamer@animcurrent=\box57
\beamer@animshowbox=\box58
\beamer@sectionbox=\box59
\beamer@logobox=\box60
\beamer@linebox=\box61
\beamer@sectioncount=\count281
\beamer@subsubsectionmax=\count282
\beamer@subsectionmax=\count283
\beamer@sectionmax=\count284
\beamer@totalheads=\count285
\beamer@headcounter=\count286
\beamer@partstartpage=\count287
\beamer@sectionstartpage=\count288
\beamer@subsectionstartpage=\count289
\beamer@animationtempa=\count290
\beamer@animationtempb=\count291
\beamer@xpos=\count292
\beamer@ypos=\count293
\beamer@ypos@offset=\count294
\beamer@showpartnumber=\count295
\beamer@currentsubsection=\count296
\beamer@coveringdepth=\count297
\beamer@sectionadjust=\count298
\beamer@toclastsection=\count299
\beamer@tocsectionnumber=\count300
 (c:/texlive/2025/texmf-dist/tex/latex/beamer/beamerbaseoptions.sty (c:/texlive/2025/texmf-dist/tex/latex/graphics/keyval.sty
Package: keyval 2022/05/29 v1.15 key=value parser (DPC)
\KV@toks@=\toks17
))
\beamer@paperwidth=\skip50
\beamer@paperheight=\skip51
 (c:/texlive/2025/texmf-dist/tex/latex/geometry/geometry.sty
Package: geometry 2020/01/02 v5.9 Page Geometry
 (c:/texlive/2025/texmf-dist/tex/generic/iftex/ifvtex.sty
Package: ifvtex 2019/10/25 v1.7 ifvtex legacy package. Use iftex instead.
)
\Gm@cnth=\count301
\Gm@cntv=\count302
\c@Gm@tempcnt=\count303
\Gm@bindingoffset=\dimen164
\Gm@wd@mp=\dimen165
\Gm@odd@mp=\dimen166
\Gm@even@mp=\dimen167
\Gm@layoutwidth=\dimen168
\Gm@layoutheight=\dimen169
\Gm@layouthoffset=\dimen170
\Gm@layoutvoffset=\dimen171
\Gm@dimlist=\toks18
) (c:/texlive/2025/texmf-dist/tex/latex/pgf/math/pgfmath.sty (c:/texlive/2025/texmf-dist/tex/latex/pgf/utilities/pgfrcs.sty (c:/texlive/2025/texmf-dist/tex/generic/pgf/utilities/pgfutil-common.tex
\pgfutil@everybye=\toks19
\pgfutil@tempdima=\dimen172
\pgfutil@tempdimb=\dimen173
) (c:/texlive/2025/texmf-dist/tex/generic/pgf/utilities/pgfutil-latex.def
\pgfutil@abb=\box62
) (c:/texlive/2025/texmf-dist/tex/generic/pgf/utilities/pgfrcs.code.tex (c:/texlive/2025/texmf-dist/tex/generic/pgf/pgf.revision.tex)
Package: pgfrcs 2025-08-14 v3.1.11 (3.1.11)
)) (c:/texlive/2025/texmf-dist/tex/latex/pgf/utilities/pgfkeys.sty (c:/texlive/2025/texmf-dist/tex/generic/pgf/utilities/pgfkeys.code.tex
\pgfkeys@pathtoks=\toks20
\pgfkeys@temptoks=\toks21
 (c:/texlive/2025/texmf-dist/tex/generic/pgf/utilities/pgfkeyslibraryfiltered.code.tex
\pgfkeys@tmptoks=\toks22
))) (c:/texlive/2025/texmf-dist/tex/generic/pgf/math/pgfmath.code.tex (c:/texlive/2025/texmf-dist/tex/generic/pgf/math/pgfmathutil.code.tex
\pgf@x=\dimen174
\pgf@xa=\dimen175
\pgf@xb=\dimen176
\pgf@xc=\dimen177
\pgf@y=\dimen178
\pgf@ya=\dimen179
\pgf@yb=\dimen180
\pgf@yc=\dimen181
\c@pgf@counta=\count304
\c@pgf@countb=\count305
\c@pgf@countc=\count306
\c@pgf@countd=\count307
) (c:/texlive/2025/texmf-dist/tex/generic/pgf/math/pgfmathparser.code.tex
\pgfmath@dimen=\dimen182
\pgfmath@count=\count308
\pgfmath@box=\box63
\pgfmath@toks=\toks23
\pgfmath@stack@operand=\toks24
\pgfmath@stack@operation=\toks25
) (c:/texlive/2025/texmf-dist/tex/generic/pgf/math/pgfmathfunctions.code.tex) (c:/texlive/2025/texmf-dist/tex/generic/pgf/math/pgfmathfunctions.basic.code.tex) (c:/texlive/2025/texmf-dist/tex/generic/pgf/math/pgfmathfunctions.trigonometric.code.tex) (c:/texlive/2025/texmf-dist/tex/generic/pgf/math/pgfmathfunctions.random.code.tex) (c:/texlive/2025/texmf-dist/tex/generic/pgf/math/pgfmathfunctions.comparison.code.tex) (c:/texlive/2025/texmf-dist/tex/generic/pgf/math/pgfmathfunctions.base.code.tex) (c:/texlive/2025/texmf-dist/tex/generic/pgf/math/pgfmathfunctions.round.code.tex) (c:/texlive/2025/texmf-dist/tex/generic/pgf/math/pgfmathfunctions.misc.code.tex) (c:/texlive/2025/texmf-dist/tex/generic/pgf/math/pgfmathfunctions.integerarithmetics.code.tex) (c:/texlive/2025/texmf-dist/tex/generic/pgf/math/pgfmathcalc.code.tex) (c:/texlive/2025/texmf-dist/tex/generic/pgf/math/pgfmathfloat.code.tex
\c@pgfmathroundto@lastzeros=\count309
))) (c:/texlive/2025/texmf-dist/tex/latex/base/size11.clo
File: size11.clo 2025/01/22 v1.4n Standard LaTeX file (size option)
) (c:/texlive/2025/texmf-dist/tex/latex/pgf/basiclayer/pgfcore.sty (c:/texlive/2025/texmf-dist/tex/latex/graphics/graphicx.sty
Package: graphicx 2024/12/31 v1.2e Enhanced LaTeX Graphics (DPC,SPQR)
 (c:/texlive/2025/texmf-dist/tex/latex/graphics/graphics.sty
Package: graphics 2024/08/06 v1.4g Standard LaTeX Graphics (DPC,SPQR)
 (c:/texlive/2025/texmf-dist/tex/latex/graphics/trig.sty
Package: trig 2023/12/02 v1.11 sin cos tan (DPC)
) (c:/texlive/2025/texmf-dist/tex/latex/graphics-cfg/graphics.cfg
File: graphics.cfg 2016/06/04 v1.11 sample graphics configuration
)
Package graphics Info: Driver file: pdftex.def on input line 106.
 (c:/texlive/2025/texmf-dist/tex/latex/graphics-def/pdftex.def
File: pdftex.def 2024/04/13 v1.2c Graphics/color driver for pdftex
))
\Gin@req@height=\dimen183
\Gin@req@width=\dimen184
) (c:/texlive/2025/texmf-dist/tex/latex/pgf/systemlayer/pgfsys.sty (c:/texlive/2025/texmf-dist/tex/generic/pgf/systemlayer/pgfsys.code.tex
Package: pgfsys 2025-08-14 v3.1.11 (3.1.11)
\pgf@x=\dimen185
\pgf@y=\dimen186
\pgf@xa=\dimen187
\pgf@ya=\dimen188
\pgf@xb=\dimen189
\pgf@yb=\dimen190
\pgf@xc=\dimen191
\pgf@yc=\dimen192
\pgf@xd=\dimen193
\pgf@yd=\dimen194
\w@pgf@writea=\write3
\r@pgf@reada=\read2
\c@pgf@counta=\count310
\c@pgf@countb=\count311
\c@pgf@countc=\count312
\c@pgf@countd=\count313
\t@pgf@toka=\toks26
\t@pgf@tokb=\toks27
\t@pgf@tokc=\toks28
\pgf@sys@id@count=\count314
 (c:/texlive/2025/texmf-dist/tex/generic/pgf/systemlayer/pgf.cfg
File: pgf.cfg 2025-08-14 v3.1.11 (3.1.11)
)
Driver file for pgf: pgfsys-pdftex.def
 (c:/texlive/2025/texmf-dist/tex/generic/pgf/systemlayer/pgfsys-pdftex.def
File: pgfsys-pdftex.def 2025-08-14 v3.1.11 (3.1.11)
 (c:/texlive/2025/texmf-dist/tex/generic/pgf/systemlayer/pgfsys-common-pdf.def
File: pgfsys-common-pdf.def 2025-08-14 v3.1.11 (3.1.11)
))) (c:/texlive/2025/texmf-dist/tex/generic/pgf/systemlayer/pgfsyssoftpath.code.tex
File: pgfsyssoftpath.code.tex 2025-08-14 v3.1.11 (3.1.11)
\pgfsyssoftpath@smallbuffer@items=\count315
\pgfsyssoftpath@bigbuffer@items=\count316
) (c:/texlive/2025/texmf-dist/tex/generic/pgf/systemlayer/pgfsysprotocol.code.tex
File: pgfsysprotocol.code.tex 2025-08-14 v3.1.11 (3.1.11)
)) (c:/texlive/2025/texmf-dist/tex/latex/xcolor/xcolor.sty
Package: xcolor 2024/09/29 v3.02 LaTeX color extensions (UK)
 (c:/texlive/2025/texmf-dist/tex/latex/graphics-cfg/color.cfg
File: color.cfg 2016/01/02 v1.6 sample color configuration
)
Package xcolor Info: Driver file: pdftex.def on input line 274.
 (c:/texlive/2025/texmf-dist/tex/latex/graphics/mathcolor.ltx)
Package xcolor Info: Model `cmy' substituted by `cmy0' on input line 1349.
Package xcolor Info: Model `hsb' substituted by `rgb' on input line 1353.
Package xcolor Info: Model `RGB' extended on input line 1365.
Package xcolor Info: Model `HTML' substituted by `rgb' on input line 1367.
Package xcolor Info: Model `Hsb' substituted by `hsb' on input line 1368.
Package xcolor Info: Model `tHsb' substituted by `hsb' on input line 1369.
Package xcolor Info: Model `HSB' substituted by `hsb' on input line 1370.
Package xcolor Info: Model `Gray' substituted by `gray' on input line 1371.
Package xcolor Info: Model `wave' substituted by `hsb' on input line 1372.
) (c:/texlive/2025/texmf-dist/tex/generic/pgf/basiclayer/pgfcore.code.tex
Package: pgfcore 2025-08-14 v3.1.11 (3.1.11)
 (c:/texlive/2025/texmf-dist/tex/generic/pgf/math/pgfint.code.tex) (c:/texlive/2025/texmf-dist/tex/generic/pgf/basiclayer/pgfcorepoints.code.tex
File: pgfcorepoints.code.tex 2025-08-14 v3.1.11 (3.1.11)
\pgf@picminx=\dimen195
\pgf@picmaxx=\dimen196
\pgf@picminy=\dimen197
\pgf@picmaxy=\dimen198
\pgf@pathminx=\dimen199
\pgf@pathmaxx=\dimen256
\pgf@pathminy=\dimen257
\pgf@pathmaxy=\dimen258
\pgf@xx=\dimen259
\pgf@xy=\dimen260
\pgf@yx=\dimen261
\pgf@yy=\dimen262
\pgf@zx=\dimen263
\pgf@zy=\dimen264
) (c:/texlive/2025/texmf-dist/tex/generic/pgf/basiclayer/pgfcorepathconstruct.code.tex
File: pgfcorepathconstruct.code.tex 2025-08-14 v3.1.11 (3.1.11)
\pgf@path@lastx=\dimen265
\pgf@path@lasty=\dimen266
) (c:/texlive/2025/texmf-dist/tex/generic/pgf/basiclayer/pgfcorepathusage.code.tex
File: pgfcorepathusage.code.tex 2025-08-14 v3.1.11 (3.1.11)
\pgf@shorten@end@additional=\dimen267
\pgf@shorten@start@additional=\dimen268
) (c:/texlive/2025/texmf-dist/tex/generic/pgf/basiclayer/pgfcorescopes.code.tex
File: pgfcorescopes.code.tex 2025-08-14 v3.1.11 (3.1.11)
\pgfpic=\box64
\pgf@hbox=\box65
\pgf@layerbox@main=\box66
\pgf@picture@serial@count=\count317
) (c:/texlive/2025/texmf-dist/tex/generic/pgf/basiclayer/pgfcoregraphicstate.code.tex
File: pgfcoregraphicstate.code.tex 2025-08-14 v3.1.11 (3.1.11)
\pgflinewidth=\dimen269
) (c:/texlive/2025/texmf-dist/tex/generic/pgf/basiclayer/pgfcoretransformations.code.tex
File: pgfcoretransformations.code.tex 2025-08-14 v3.1.11 (3.1.11)
\pgf@pt@x=\dimen270
\pgf@pt@y=\dimen271
\pgf@pt@temp=\dimen272
) (c:/texlive/2025/texmf-dist/tex/generic/pgf/basiclayer/pgfcorequick.code.tex
File: pgfcorequick.code.tex 2025-08-14 v3.1.11 (3.1.11)
) (c:/texlive/2025/texmf-dist/tex/generic/pgf/basiclayer/pgfcoreobjects.code.tex
File: pgfcoreobjects.code.tex 2025-08-14 v3.1.11 (3.1.11)
) (c:/texlive/2025/texmf-dist/tex/generic/pgf/basiclayer/pgfcorepathprocessing.code.tex
File: pgfcorepathprocessing.code.tex 2025-08-14 v3.1.11 (3.1.11)
) (c:/texlive/2025/texmf-dist/tex/generic/pgf/basiclayer/pgfcorearrows.code.tex
File: pgfcorearrows.code.tex 2025-08-14 v3.1.11 (3.1.11)
\pgfarrowsep=\dimen273
) (c:/texlive/2025/texmf-dist/tex/generic/pgf/basiclayer/pgfcoreshade.code.tex
File: pgfcoreshade.code.tex 2025-08-14 v3.1.11 (3.1.11)
\pgf@max=\dimen274
\pgf@sys@shading@range@num=\count318
\pgf@shadingcount=\count319
) (c:/texlive/2025/texmf-dist/tex/generic/pgf/basiclayer/pgfcoreimage.code.tex
File: pgfcoreimage.code.tex 2025-08-14 v3.1.11 (3.1.11)
) (c:/texlive/2025/texmf-dist/tex/generic/pgf/basiclayer/pgfcoreexternal.code.tex
File: pgfcoreexternal.code.tex 2025-08-14 v3.1.11 (3.1.11)
\pgfexternal@startupbox=\box67
) (c:/texlive/2025/texmf-dist/tex/generic/pgf/basiclayer/pgfcorelayers.code.tex
File: pgfcorelayers.code.tex 2025-08-14 v3.1.11 (3.1.11)
) (c:/texlive/2025/texmf-dist/tex/generic/pgf/basiclayer/pgfcoretransparency.code.tex
File: pgfcoretransparency.code.tex 2025-08-14 v3.1.11 (3.1.11)
) (c:/texlive/2025/texmf-dist/tex/generic/pgf/basiclayer/pgfcorepatterns.code.tex
File: pgfcorepatterns.code.tex 2025-08-14 v3.1.11 (3.1.11)
) (c:/texlive/2025/texmf-dist/tex/generic/pgf/basiclayer/pgfcorerdf.code.tex
File: pgfcorerdf.code.tex 2025-08-14 v3.1.11 (3.1.11)
))) (c:/texlive/2025/texmf-dist/tex/latex/pgf/utilities/xxcolor.sty
Package: xxcolor 2003/10/24 ver 0.1
\XC@nummixins=\count320
\XC@countmixins=\count321
) (c:/texlive/2025/texmf-dist/tex/latex/base/atbegshi-ltx.sty
Package: atbegshi-ltx 2021/01/10 v1.0c Emulation of the original atbegshi
package with kernel methods
) (c:/texlive/2025/texmf-dist/tex/latex/hyperref/hyperref.sty
Package: hyperref 2025-07-12 v7.01o Hypertext links for LaTeX
 (c:/texlive/2025/texmf-dist/tex/latex/kvsetkeys/kvsetkeys.sty
Package: kvsetkeys 2022-10-05 v1.19 Key value parser (HO)
) (c:/texlive/2025/texmf-dist/tex/generic/kvdefinekeys/kvdefinekeys.sty
Package: kvdefinekeys 2019-12-19 v1.6 Define keys (HO)
) (c:/texlive/2025/texmf-dist/tex/generic/pdfescape/pdfescape.sty
Package: pdfescape 2019/12/09 v1.15 Implements pdfTeX's escape features (HO)
 (c:/texlive/2025/texmf-dist/tex/generic/ltxcmds/ltxcmds.sty
Package: ltxcmds 2023-12-04 v1.26 LaTeX kernel commands for general use (HO)
) (c:/texlive/2025/texmf-dist/tex/generic/pdftexcmds/pdftexcmds.sty
Package: pdftexcmds 2020-06-27 v0.33 Utility functions of pdfTeX for LuaTeX (HO)
 (c:/texlive/2025/texmf-dist/tex/generic/infwarerr/infwarerr.sty
Package: infwarerr 2019/12/03 v1.5 Providing info/warning/error messages (HO)
)
Package pdftexcmds Info: \pdf@primitive is available.
Package pdftexcmds Info: \pdf@ifprimitive is available.
Package pdftexcmds Info: \pdfdraftmode found.
)) (c:/texlive/2025/texmf-dist/tex/latex/hycolor/hycolor.sty
Package: hycolor 2020-01-27 v1.10 Color options for hyperref/bookmark (HO)
) (c:/texlive/2025/texmf-dist/tex/latex/hyperref/nameref.sty
Package: nameref 2025-06-21 v2.57 Cross-referencing by name of section
 (c:/texlive/2025/texmf-dist/tex/latex/refcount/refcount.sty
Package: refcount 2019/12/15 v3.6 Data extraction from label references (HO)
) (c:/texlive/2025/texmf-dist/tex/generic/gettitlestring/gettitlestring.sty
Package: gettitlestring 2019/12/15 v1.6 Cleanup title references (HO)
 (c:/texlive/2025/texmf-dist/tex/latex/kvoptions/kvoptions.sty
Package: kvoptions 2022-06-15 v3.15 Key value format for package options (HO)
))
\c@section@level=\count322
) (c:/texlive/2025/texmf-dist/tex/generic/stringenc/stringenc.sty
Package: stringenc 2019/11/29 v1.12 Convert strings between diff. encodings (HO)
)
\@linkdim=\dimen275
\Hy@linkcounter=\count323
\Hy@pagecounter=\count324
 (c:/texlive/2025/texmf-dist/tex/latex/hyperref/pd1enc.def
File: pd1enc.def 2025-07-12 v7.01o Hyperref: PDFDocEncoding definition (HO)
Now handling font encoding PD1 ...
... no UTF-8 mapping file for font encoding PD1
) (c:/texlive/2025/texmf-dist/tex/generic/intcalc/intcalc.sty
Package: intcalc 2019/12/15 v1.3 Expandable calculations with integers (HO)
)
\Hy@SavedSpaceFactor=\count325
 (c:/texlive/2025/texmf-dist/tex/latex/hyperref/puenc.def
File: puenc.def 2025-07-12 v7.01o Hyperref: PDF Unicode definition (HO)
Now handling font encoding PU ...
... no UTF-8 mapping file for font encoding PU
)
Package hyperref Info: Option `bookmarks' set `true' on input line 4066.
Package hyperref Info: Option `bookmarksopen' set `true' on input line 4066.
Package hyperref Info: Option `implicit' set `false' on input line 4066.
Package hyperref Info: Hyper figures OFF on input line 4195.
Package hyperref Info: Link nesting OFF on input line 4200.
Package hyperref Info: Hyper index ON on input line 4203.
Package hyperref Info: Plain pages OFF on input line 4210.
Package hyperref Info: Backreferencing OFF on input line 4215.
Package hyperref Info: Implicit mode OFF; no redefinition of LaTeX internals.
Package hyperref Info: Bookmarks ON on input line 4462.
\c@Hy@tempcnt=\count326
 (c:/texlive/2025/texmf-dist/tex/latex/url/url.sty
\Urlmuskip=\muskip17
Package: url 2013/09/16  ver 3.4  Verb mode for urls, etc.
)
LaTeX Info: Redefining \url on input line 4801.
\XeTeXLinkMargin=\dimen276
 (c:/texlive/2025/texmf-dist/tex/generic/bitset/bitset.sty
Package: bitset 2019/12/09 v1.3 Handle bit-vector datatype (HO)
 (c:/texlive/2025/texmf-dist/tex/generic/bigintcalc/bigintcalc.sty
Package: bigintcalc 2019/12/15 v1.5 Expandable calculations on big integers (HO)
))
\Fld@menulength=\count327
\Field@Width=\dimen277
\Fld@charsize=\dimen278
Package hyperref Info: Hyper figures OFF on input line 6078.
Package hyperref Info: Link nesting OFF on input line 6083.
Package hyperref Info: Hyper index ON on input line 6086.
Package hyperref Info: backreferencing OFF on input line 6093.
Package hyperref Info: Link coloring OFF on input line 6098.
Package hyperref Info: Link coloring with OCG OFF on input line 6103.
Package hyperref Info: PDF/A mode OFF on input line 6108.
\Hy@abspage=\count328


Package hyperref Message: Stopped early.

)
Package hyperref Info: Driver (autodetected): hpdftex.
 (c:/texlive/2025/texmf-dist/tex/latex/hyperref/hpdftex.def
File: hpdftex.def 2025-07-12 v7.01o Hyperref driver for pdfTeX
\Fld@listcount=\count329
\c@bookmark@seq@number=\count330
 (c:/texlive/2025/texmf-dist/tex/latex/rerunfilecheck/rerunfilecheck.sty
Package: rerunfilecheck 2025-06-21 v1.11 Rerun checks for auxiliary files (HO)
 (c:/texlive/2025/texmf-dist/tex/generic/uniquecounter/uniquecounter.sty
Package: uniquecounter 2019/12/15 v1.4 Provide unlimited unique counter (HO)
)
Package uniquecounter Info: New unique counter `rerunfilecheck' on input line 284.
)) (c:/texlive/2025/texmf-dist/tex/latex/beamer/beamerbaserequires.sty (c:/texlive/2025/texmf-dist/tex/latex/beamer/beamerbasecompatibility.sty) (c:/texlive/2025/texmf-dist/tex/latex/beamer/beamerbasefont.sty (c:/texlive/2025/texmf-dist/tex/latex/amsfonts/amssymb.sty
Package: amssymb 2013/01/14 v3.01 AMS font symbols
 (c:/texlive/2025/texmf-dist/tex/latex/amsfonts/amsfonts.sty
Package: amsfonts 2013/01/14 v3.01 Basic AMSFonts support
\@emptytoks=\toks29
\symAMSa=\mathgroup4
\symAMSb=\mathgroup5
LaTeX Font Info:    Redeclaring math symbol \hbar on input line 98.
LaTeX Font Info:    Overwriting math alphabet `\mathfrak' in version `bold'
(Font)                  U/euf/m/n --> U/euf/b/n on input line 106.
)) (c:/texlive/2025/texmf-dist/tex/latex/sansmathaccent/sansmathaccent.sty
Package: sansmathaccent 2020/01/31
 (c:/texlive/2025/texmf-dist/tex/latex/koma-script/scrlfile.sty
Package: scrlfile 2025/08/19 v3.46 KOMA-Script package (file load hooks)
 (c:/texlive/2025/texmf-dist/tex/latex/koma-script/scrlfile-hook.sty
Package: scrlfile-hook 2025/08/19 v3.46 KOMA-Script package (using LaTeX hooks)
 (c:/texlive/2025/texmf-dist/tex/latex/koma-script/scrlogo.sty
Package: scrlogo 2025/08/19 v3.46 KOMA-Script package (logo)
))))) (c:/texlive/2025/texmf-dist/tex/latex/beamer/beamerbasetranslator.sty (c:/texlive/2025/texmf-dist/tex/latex/translator/translator.sty
Package: translator 2021-05-31 v1.12d Easy translation of strings in LaTeX
)) (c:/texlive/2025/texmf-dist/tex/latex/beamer/beamerbasemisc.sty) (c:/texlive/2025/texmf-dist/tex/latex/beamer/beamerbasetwoscreens.sty) (c:/texlive/2025/texmf-dist/tex/latex/beamer/beamerbaseoverlay.sty
\beamer@argscount=\count331
\beamer@lastskipcover=\skip52
\beamer@trivlistdepth=\count332
) (c:/texlive/2025/texmf-dist/tex/latex/beamer/beamerbasetitle.sty) (c:/texlive/2025/texmf-dist/tex/latex/beamer/beamerbasesection.sty
\c@lecture=\count333
\c@part=\count334
\c@section=\count335
\c@subsection=\count336
\c@subsubsection=\count337
) (c:/texlive/2025/texmf-dist/tex/latex/beamer/beamerbaseframe.sty
\beamer@framebox=\box68
\beamer@frametitlebox=\box69
\beamer@zoombox=\box70
\beamer@zoomcount=\count338
\beamer@zoomframecount=\count339
\beamer@frametextheight=\dimen279
\c@subsectionslide=\count340
\beamer@frametopskip=\skip53
\beamer@framebottomskip=\skip54
\beamer@frametopskipautobreak=\skip55
\beamer@framebottomskipautobreak=\skip56
\beamer@envbody=\toks30
\framewidth=\dimen280
\c@framenumber=\count341
) (c:/texlive/2025/texmf-dist/tex/latex/beamer/beamerbaseverbatim.sty
\beamer@verbatimfileout=\write4
) (c:/texlive/2025/texmf-dist/tex/latex/beamer/beamerbaseframesize.sty
\beamer@splitbox=\box71
\beamer@autobreakcount=\count342
\beamer@autobreaklastheight=\dimen281
\beamer@frametitletoks=\toks31
\beamer@framesubtitletoks=\toks32
) (c:/texlive/2025/texmf-dist/tex/latex/beamer/beamerbaseframecomponents.sty
\beamer@colheight=\skip57
\beamer@footins=\box72
) (c:/texlive/2025/texmf-dist/tex/latex/beamer/beamerbasecolor.sty) (c:/texlive/2025/texmf-dist/tex/latex/beamer/beamerbasenotes.sty
\beamer@frameboxcopy=\box73
) (c:/texlive/2025/texmf-dist/tex/latex/beamer/beamerbasetoc.sty) (c:/texlive/2025/texmf-dist/tex/latex/beamer/beamerbasetemplates.sty
\beamer@sbttoks=\toks33
 (c:/texlive/2025/texmf-dist/tex/latex/beamer/beamerbaseauxtemplates.sty (c:/texlive/2025/texmf-dist/tex/latex/beamer/beamerbaseboxes.sty
\bmb@box=\box74
\bmb@colorbox=\box75
\bmb@boxwidth=\dimen282
\bmb@boxheight=\dimen283
\bmb@prevheight=\dimen284
\bmb@temp=\dimen285
\bmb@dima=\dimen286
\bmb@dimb=\dimen287
\bmb@prevheight=\dimen288
)
\beamer@blockheadheight=\dimen289
)) (c:/texlive/2025/texmf-dist/tex/latex/beamer/beamerbaselocalstructure.sty (c:/texlive/2025/texmf-dist/tex/latex/tools/enumerate.sty
Package: enumerate 2023/07/04 v3.00 enumerate extensions (DPC)
\@enLab=\toks34
)
\beamer@bibiconwidth=\skip58
\c@figure=\count343
\c@table=\count344
\abovecaptionskip=\skip59
\belowcaptionskip=\skip60
) (c:/texlive/2025/texmf-dist/tex/latex/beamer/beamerbasenavigation.sty (c:/texlive/2025/texmf-dist/tex/latex/beamer/beamerbasenavigationsymbols.tex)
\beamer@section@min@dim=\dimen290
) (c:/texlive/2025/texmf-dist/tex/latex/beamer/beamerbasetheorems.sty (c:/texlive/2025/texmf-dist/tex/latex/amsmath/amsmath.sty
Package: amsmath 2025/06/16 v2.17y AMS math features
\@mathmargin=\skip61

For additional information on amsmath, use the `?' option.
(c:/texlive/2025/texmf-dist/tex/latex/amsmath/amstext.sty
Package: amstext 2024/11/17 v2.01 AMS text
 (c:/texlive/2025/texmf-dist/tex/latex/amsmath/amsgen.sty
File: amsgen.sty 1999/11/30 v2.0 generic functions
\@emptytoks=\toks35
\ex@=\dimen291
)) (c:/texlive/2025/texmf-dist/tex/latex/amsmath/amsbsy.sty
Package: amsbsy 1999/11/29 v1.2d Bold Symbols
\pmbraise@=\dimen292
) (c:/texlive/2025/texmf-dist/tex/latex/amsmath/amsopn.sty
Package: amsopn 2022/04/08 v2.04 operator names
)
\inf@bad=\count345
LaTeX Info: Redefining \frac on input line 233.
\uproot@=\count346
\leftroot@=\count347
LaTeX Info: Redefining \overline on input line 398.
LaTeX Info: Redefining \colon on input line 409.
\classnum@=\count348
\DOTSCASE@=\count349
LaTeX Info: Redefining \ldots on input line 495.
LaTeX Info: Redefining \dots on input line 498.
LaTeX Info: Redefining \cdots on input line 619.
\Mathstrutbox@=\box76
\strutbox@=\box77
LaTeX Info: Redefining \big on input line 721.
LaTeX Info: Redefining \Big on input line 722.
LaTeX Info: Redefining \bigg on input line 723.
LaTeX Info: Redefining \Bigg on input line 724.
\big@size=\dimen293
LaTeX Font Info:    Redeclaring font encoding OML on input line 742.
LaTeX Font Info:    Redeclaring font encoding OMS on input line 743.
\macc@depth=\count350
LaTeX Info: Redefining \bmod on input line 904.
LaTeX Info: Redefining \pmod on input line 909.
LaTeX Info: Redefining \smash on input line 939.
LaTeX Info: Redefining \relbar on input line 969.
LaTeX Info: Redefining \Relbar on input line 970.
\c@MaxMatrixCols=\count351
\dotsspace@=\muskip18
\c@parentequation=\count352
\dspbrk@lvl=\count353
\tag@help=\toks36
\row@=\count354
\column@=\count355
\maxfields@=\count356
\andhelp@=\toks37
\eqnshift@=\dimen294
\alignsep@=\dimen295
\tagshift@=\dimen296
\tagwidth@=\dimen297
\totwidth@=\dimen298
\lineht@=\dimen299
\@envbody=\toks38
\multlinegap=\skip62
\multlinetaggap=\skip63
\mathdisplay@stack=\toks39
LaTeX Info: Redefining \[ on input line 2949.
LaTeX Info: Redefining \] on input line 2950.
) (c:/texlive/2025/texmf-dist/tex/latex/amscls/amsthm.sty
Package: amsthm 2020/05/29 v2.20.6
\thm@style=\toks40
\thm@bodyfont=\toks41
\thm@headfont=\toks42
\thm@notefont=\toks43
\thm@headpunct=\toks44
\thm@preskip=\skip64
\thm@postskip=\skip65
\thm@headsep=\skip66
\dth@everypar=\toks45
)
\c@theorem=\count357
) (c:/texlive/2025/texmf-dist/tex/latex/beamer/beamerbasethemes.sty)) (c:/texlive/2025/texmf-dist/tex/latex/beamer/beamerthemedefault.sty (c:/texlive/2025/texmf-dist/tex/latex/beamer/beamerfontthemedefault.sty) (c:/texlive/2025/texmf-dist/tex/latex/beamer/beamercolorthemedefault.sty) (c:/texlive/2025/texmf-dist/tex/latex/beamer/beamerinnerthemedefault.sty
\beamer@dima=\dimen300
\beamer@dimb=\dimen301
) (c:/texlive/2025/texmf-dist/tex/latex/beamer/beamerouterthemedefault.sty))) (c:/texlive/2025/texmf-dist/tex/latex/base/inputenc.sty
Package: inputenc 2024/02/08 v1.3d Input encoding file
\inpenc@prehook=\toks46
\inpenc@posthook=\toks47
) (c:/texlive/2025/texmf-dist/tex/latex/base/fontenc.sty
Package: fontenc 2024/12/21 v2.1c Standard LaTeX package
) (c:/texlive/2025/texmf-dist/tex/latex/listings/listings.sty
\lst@mode=\count358
\lst@gtempboxa=\box78
\lst@token=\toks48
\lst@length=\count359
\lst@currlwidth=\dimen302
\lst@column=\count360
\lst@pos=\count361
\lst@lostspace=\dimen303
\lst@width=\dimen304
\lst@newlines=\count362
\lst@lineno=\count363
\lst@maxwidth=\dimen305
 (c:/texlive/2025/texmf-dist/tex/latex/listings/lstpatch.sty
File: lstpatch.sty 2024/09/23 1.10c (Carsten Heinz)
) (c:/texlive/2025/texmf-dist/tex/latex/listings/lstmisc.sty
File: lstmisc.sty 2024/09/23 1.10c (Carsten Heinz)
\c@lstnumber=\count364
\lst@skipnumbers=\count365
\lst@framebox=\box79
) (c:/texlive/2025/texmf-dist/tex/latex/listings/listings.cfg
File: listings.cfg 2024/09/23 1.10c listings configuration
))
Package: listings 2024/09/23 1.10c (Carsten Heinz)
 (c:/texlive/2025/texmf-dist/tex/latex/tools/multicol.sty
Package: multicol 2025/05/25 v2.0a multicolumn formatting (FMi)
\c@tracingmulticols=\count366
\mult@box=\box80
\multicol@leftmargin=\dimen306
\c@unbalance=\count367
\c@collectmore=\count368
\doublecol@number=\count369
\multicoltolerance=\count370
\multicolpretolerance=\count371
\full@width=\dimen307
\page@free=\dimen308
\premulticols=\dimen309
\postmulticols=\dimen310
\multicolsep=\skip67
\multicolbaselineskip=\skip68
\partial@page=\box81
\last@line=\box82
\mc@boxedresult=\box83
\maxbalancingoverflow=\dimen311
\mult@rightbox=\box84
\mult@grightbox=\box85
\mult@firstbox=\box86
\mult@gfirstbox=\box87
\@tempa=\box88
\@tempa=\box89
\@tempa=\box90
\@tempa=\box91
\@tempa=\box92
\@tempa=\box93
\@tempa=\box94
\@tempa=\box95
\@tempa=\box96
\@tempa=\box97
\@tempa=\box98
\@tempa=\box99
\@tempa=\box100
\@tempa=\box101
\@tempa=\box102
\@tempa=\box103
\@tempa=\box104
\@tempa=\box105
\@tempa=\box106
\@tempa=\box107
\@tempa=\box108
\@tempa=\box109
\@tempa=\box110
\@tempa=\box111
\@tempa=\box112
\@tempa=\box113
\@tempa=\box114
\@tempa=\box115
\@tempa=\box116
\@tempa=\box117
\@tempa=\box118
\@tempa=\box119
\@tempa=\box120
\@tempa=\box121
\@tempa=\box122
\@tempa=\box123
\c@minrows=\count372
\c@columnbadness=\count373
\c@finalcolumnbadness=\count374
\last@try=\dimen312
\multicolovershoot=\dimen313
\multicolundershoot=\dimen314
\mult@nat@firstbox=\box124
\colbreak@box=\box125
\mc@col@check@num=\count375
\g__mc_curr_col_int=\count376
) (c:/texlive/2025/texmf-dist/tex/generic/babel/babel.sty
Package: babel 2025/08/03 v25.12 The multilingual framework for LuaLaTeX, pdfLaTeX and XeLaTeX
\babel@savecnt=\count377
LaTeX Encoding Info:    Redeclaring text command \ij (encoding OT1) on input line 2045.
LaTeX Encoding Info:    Redeclaring text command \IJ (encoding OT1) on input line 2047.
LaTeX Encoding Info:    Redeclaring text command \ij (encoding T1) on input line 2049.
LaTeX Encoding Info:    Redeclaring text command \IJ (encoding T1) on input line 2050.
LaTeX Encoding Info:    Ignoring declaration for text command \ij (encoding ?) on input line 2051.
LaTeX Encoding Info:    Ignoring declaration for text command \IJ (encoding ?) on input line 2053.
LaTeX Encoding Info:    Ignoring declaration for text command \SS (encoding ?) on input line 2078.
\U@D=\dimen315
\l@unhyphenated=\language90
 (c:/texlive/2025/texmf-dist/tex/generic/babel/txtbabel.def)
\bbl@readstream=\read3
LaTeX Info: Redefining \textlatin on input line 3930.
\bbl@dirlevel=\count378
 (c:/texlive/2025/texmf-dist/tex/generic/babel-swedish/swedish.ldf
Language: swedish 2021/02/06 v2.3e Swedish support from the babel system
 (c:/texlive/2025/texmf-dist/tex/generic/babel/locale/sv/babel-swedish.tex
Package babel Info: Importing font and identification data for swedish
(babel)             from babel-sv.ini. Reported on input line 12.
)
Package babel Info: Making " an active character on input line 90.
)) (./mau.sty
Package: mau 
 (c:/texlive/2025/texmf-dist/tex/latex/beamer/beamerthemeMalmoe.sty (c:/texlive/2025/texmf-dist/tex/latex/beamer/beamerouterthemesplit.sty) (c:/texlive/2025/texmf-dist/tex/latex/beamer/beamercolorthemewhale.sty)) (c:/texlive/2025/texmf-dist/tex/latex/beamer/beamerfontthemeserif.sty)
\c@section-number=\count379
) (c:/texlive/2025/texmf-dist/tex/latex/listings/lstlang1.sty
File: lstlang1.sty 2024/09/23 1.10c listings language file
) (c:/texlive/2025/texmf-dist/tex/latex/l3backend/l3backend-pdftex.def
File: l3backend-pdftex.def 2025-06-09 L3 backend support: PDF output (pdfTeX)
\l__color_backend_stack_int=\count380
) (./F9-Metoder.aux
Package babel Info: 'swedish' activates 'swedish' shorthands.
(babel)             Reported on input line 8.
)
\openout1 = `F9-Metoder.aux'.

LaTeX Font Info:    Checking defaults for OML/cmm/m/it on input line 29.
LaTeX Font Info:    ... okay on input line 29.
LaTeX Font Info:    Checking defaults for OMS/cmsy/m/n on input line 29.
LaTeX Font Info:    ... okay on input line 29.
LaTeX Font Info:    Checking defaults for OT1/cmr/m/n on input line 29.
LaTeX Font Info:    ... okay on input line 29.
LaTeX Font Info:    Checking defaults for T1/cmr/m/n on input line 29.
LaTeX Font Info:    ... okay on input line 29.
LaTeX Font Info:    Checking defaults for TS1/cmr/m/n on input line 29.
LaTeX Font Info:    ... okay on input line 29.
LaTeX Font Info:    Checking defaults for OMX/cmex/m/n on input line 29.
LaTeX Font Info:    ... okay on input line 29.
LaTeX Font Info:    Checking defaults for U/cmr/m/n on input line 29.
LaTeX Font Info:    ... okay on input line 29.
LaTeX Font Info:    Checking defaults for PD1/pdf/m/n on input line 29.
LaTeX Font Info:    ... okay on input line 29.
LaTeX Font Info:    Checking defaults for PU/pdf/m/n on input line 29.
LaTeX Font Info:    ... okay on input line 29.

*geometry* driver: auto-detecting
*geometry* detected driver: pdftex
*geometry* verbose mode - [ preamble ] result:
* driver: pdftex
* paper: custom
* layout: <same size as paper>
* layoutoffset:(h,v)=(0.0pt,0.0pt)
* modes: includehead includefoot 
* h-part:(L,W,R)=(28.45274pt, 398.3386pt, 28.45274pt)
* v-part:(T,H,B)=(0.0pt, 256.0748pt, 0.0pt)
* \paperwidth=455.24408pt
* \paperheight=256.0748pt
* \textwidth=398.3386pt
* \textheight=227.62207pt
* \oddsidemargin=-43.81725pt
* \evensidemargin=-43.81725pt
* \topmargin=-72.26999pt
* \headheight=14.22636pt
* \headsep=0.0pt
* \topskip=11.0pt
* \footskip=14.22636pt
* \marginparwidth=4.0pt
* \marginparsep=10.0pt
* \columnsep=10.0pt
* \skip\footins=10.0pt plus 4.0pt minus 2.0pt
* \hoffset=0.0pt
* \voffset=0.0pt
* \mag=1000
* \@twocolumnfalse
* \@twosidefalse
* \@mparswitchfalse
* \@reversemarginfalse
* (1in=72.27pt=25.4mm, 1cm=28.453pt)

(c:/texlive/2025/texmf-dist/tex/context/base/mkii/supp-pdf.mkii
[Loading MPS to PDF converter (version 2006.09.02).]
\scratchcounter=\count381
\scratchdimen=\dimen316
\scratchbox=\box126
\nofMPsegments=\count382
\nofMParguments=\count383
\everyMPshowfont=\toks49
\MPscratchCnt=\count384
\MPscratchDim=\dimen317
\MPnumerator=\count385
\makeMPintoPDFobject=\count386
\everyMPtoPDFconversion=\toks50
) (c:/texlive/2025/texmf-dist/tex/latex/epstopdf-pkg/epstopdf-base.sty
Package: epstopdf-base 2020-01-24 v2.11 Base part for package epstopdf
Package epstopdf-base Info: Redefining graphics rule for `.eps' on input line 485.
 (c:/texlive/2025/texmf-dist/tex/latex/latexconfig/epstopdf-sys.cfg
File: epstopdf-sys.cfg 2010/07/13 v1.3 Configuration of (r)epstopdf for TeX Live
))
Package hyperref Info: Link coloring OFF on input line 29.
 (./F9-Metoder.out) (./F9-Metoder.out)
\@outlinefile=\write5
\openout5 = `F9-Metoder.out'.

 (c:/texlive/2025/texmf-dist/tex/latex/translator/translator-basic-dictionary-English.dict
Dictionary: translator-basic-dictionary, Language: English 
) (c:/texlive/2025/texmf-dist/tex/latex/translator/translator-bibliography-dictionary-English.dict
Dictionary: translator-bibliography-dictionary, Language: English 
) (c:/texlive/2025/texmf-dist/tex/latex/translator/translator-environment-dictionary-English.dict
Dictionary: translator-environment-dictionary, Language: English 
) (c:/texlive/2025/texmf-dist/tex/latex/translator/translator-months-dictionary-English.dict
Dictionary: translator-months-dictionary, Language: English 
) (c:/texlive/2025/texmf-dist/tex/latex/translator/translator-numbers-dictionary-English.dict
Dictionary: translator-numbers-dictionary, Language: English 
) (c:/texlive/2025/texmf-dist/tex/latex/translator/translator-theorem-dictionary-English.dict
Dictionary: translator-theorem-dictionary, Language: English 
)
\c@lstlisting=\count387
 (./F9-Metoder.nav)
Overfull \vbox (1.01077pt too high) detected at line 29
 []

<mau-logga-neg.png, id=83, 1072.005pt x 1260.71pt>
File: mau-logga-neg.png Graphic file (type png)
<use mau-logga-neg.png>
Package pdftex.def Info: mau-logga-neg.png  used on input line 29.
(pdftex.def)             Requested size: 18.69656pt x 21.99463pt.


[1

{c:/texlive/2025/texmf-var/fonts/map/pdftex/updmap/pdftex.map}{c:/texlive/2025/texmf-dist/fonts/enc/dvips/cm-super/cm-super-t1.enc}]
Overfull \vbox (1.01077pt too high) detected at line 67
 []

File: mau-logga-neg.png Graphic file (type png)
<use mau-logga-neg.png>
Package pdftex.def Info: mau-logga-neg.png  used on input line 67.
(pdftex.def)             Requested size: 18.69656pt x 21.99463pt.
(./F9-Metoder.toc)








Overfull \vbox (1.01077pt too high) has occurred while \output is active []

File: mau-logga-neg.png Graphic file (type png)
<use mau-logga-neg.png>
Package pdftex.def Info: mau-logga-neg.png  used on input line 67.
(pdftex.def)             Requested size: 18.69656pt x 21.99463pt.
 [2

 <./mau-logga-neg.png>]
Overfull \vbox (1.01077pt too high) detected at line 69
 []

File: mau-logga-neg.png Graphic file (type png)
<use mau-logga-neg.png>
Package pdftex.def Info: mau-logga-neg.png  used on input line 69.
(pdftex.def)             Requested size: 18.69656pt x 21.99463pt.
(./F9-Metoder.toc)
Overfull \vbox (22.53703pt too high) detected at line 69
 []




Overfull \vbox (1.01077pt too high) has occurred while \output is active []

File: mau-logga-neg.png Graphic file (type png)
<use mau-logga-neg.png>
Package pdftex.def Info: mau-logga-neg.png  used on input line 69.
(pdftex.def)             Requested size: 18.69656pt x 21.99463pt.
 [3

]
Overfull \vbox (1.01077pt too high) detected at line 88
 []

File: mau-logga-neg.png Graphic file (type png)
<use mau-logga-neg.png>
Package pdftex.def Info: mau-logga-neg.png  used on input line 88.
(pdftex.def)             Requested size: 18.69656pt x 21.99463pt.
LaTeX Font Info:    Trying to load font information for U+msa on input line 88.
(c:/texlive/2025/texmf-dist/tex/latex/amsfonts/umsa.fd
File: umsa.fd 2013/01/14 v3.01 AMS symbols A
)
LaTeX Font Info:    Trying to load font information for U+msb on input line 88.
 (c:/texlive/2025/texmf-dist/tex/latex/amsfonts/umsb.fd
File: umsb.fd 2013/01/14 v3.01 AMS symbols B
)


Overfull \vbox (1.01077pt too high) has occurred while \output is active []

File: mau-logga-neg.png Graphic file (type png)
<use mau-logga-neg.png>
Package pdftex.def Info: mau-logga-neg.png  used on input line 88.
(pdftex.def)             Requested size: 18.69656pt x 21.99463pt.
 [4

]
Overfull \vbox (1.01077pt too high) detected at line 91
 []

File: mau-logga-neg.png Graphic file (type png)
<use mau-logga-neg.png>
Package pdftex.def Info: mau-logga-neg.png  used on input line 91.
(pdftex.def)             Requested size: 18.69656pt x 21.99463pt.
\openout4 = `F9-Metoder.vrb'.


Overfull \vbox (1.01077pt too high) detected at line 106
 []

File: mau-logga-neg.png Graphic file (type png)
<use mau-logga-neg.png>
Package pdftex.def Info: mau-logga-neg.png  used on input line 106.
(pdftex.def)             Requested size: 18.69656pt x 21.99463pt.
(./F9-Metoder.vrb
LaTeX Font Info:    Font shape `T1/cmtt/bx/n' in size <10> not available
(Font)              Font shape `T1/cmtt/m/n' tried instead on input line 6.
)


Overfull \vbox (1.01077pt too high) has occurred while \output is active []

File: mau-logga-neg.png Graphic file (type png)
<use mau-logga-neg.png>
Package pdftex.def Info: mau-logga-neg.png  used on input line 106.
(pdftex.def)             Requested size: 18.69656pt x 21.99463pt.
 [5

]
Overfull \vbox (1.01077pt too high) detected at line 108
 []

File: mau-logga-neg.png Graphic file (type png)
<use mau-logga-neg.png>
Package pdftex.def Info: mau-logga-neg.png  used on input line 108.
(pdftex.def)             Requested size: 18.69656pt x 21.99463pt.
(./F9-Metoder.toc)
Overfull \vbox (19.71805pt too high) detected at line 108
 []




Overfull \vbox (1.01077pt too high) has occurred while \output is active []

File: mau-logga-neg.png Graphic file (type png)
<use mau-logga-neg.png>
Package pdftex.def Info: mau-logga-neg.png  used on input line 108.
(pdftex.def)             Requested size: 18.69656pt x 21.99463pt.
 [6

]
Overfull \vbox (1.01077pt too high) detected at line 123
 []

File: mau-logga-neg.png Graphic file (type png)
<use mau-logga-neg.png>
Package pdftex.def Info: mau-logga-neg.png  used on input line 123.
(pdftex.def)             Requested size: 18.69656pt x 21.99463pt.



Overfull \vbox (1.01077pt too high) has occurred while \output is active []

File: mau-logga-neg.png Graphic file (type png)
<use mau-logga-neg.png>
Package pdftex.def Info: mau-logga-neg.png  used on input line 123.
(pdftex.def)             Requested size: 18.69656pt x 21.99463pt.
 [7

]
Overfull \vbox (1.01077pt too high) detected at line 126
 []

File: mau-logga-neg.png Graphic file (type png)
<use mau-logga-neg.png>
Package pdftex.def Info: mau-logga-neg.png  used on input line 126.
(pdftex.def)             Requested size: 18.69656pt x 21.99463pt.
\openout4 = `F9-Metoder.vrb'.


Overfull \vbox (1.01077pt too high) detected at line 147
 []

File: mau-logga-neg.png Graphic file (type png)
<use mau-logga-neg.png>
Package pdftex.def Info: mau-logga-neg.png  used on input line 147.
(pdftex.def)             Requested size: 18.69656pt x 21.99463pt.
(./F9-Metoder.vrb)


Overfull \vbox (1.01077pt too high) has occurred while \output is active []

File: mau-logga-neg.png Graphic file (type png)
<use mau-logga-neg.png>
Package pdftex.def Info: mau-logga-neg.png  used on input line 147.
(pdftex.def)             Requested size: 18.69656pt x 21.99463pt.
 [8

]
Overfull \vbox (1.01077pt too high) detected at line 165
 []

File: mau-logga-neg.png Graphic file (type png)
<use mau-logga-neg.png>
Package pdftex.def Info: mau-logga-neg.png  used on input line 165.
(pdftex.def)             Requested size: 18.69656pt x 21.99463pt.



Overfull \vbox (1.01077pt too high) has occurred while \output is active []

File: mau-logga-neg.png Graphic file (type png)
<use mau-logga-neg.png>
Package pdftex.def Info: mau-logga-neg.png  used on input line 165.
(pdftex.def)             Requested size: 18.69656pt x 21.99463pt.
 [9

]
Overfull \vbox (1.01077pt too high) detected at line 167
 []


Overfull \vbox (1.01077pt too high) detected at line 167
 []

File: mau-logga-neg.png Graphic file (type png)
<use mau-logga-neg.png>
Package pdftex.def Info: mau-logga-neg.png  used on input line 167.
(pdftex.def)             Requested size: 18.69656pt x 21.99463pt.
(./F9-Metoder.toc)
Overfull \vbox (36.09767pt too high) detected at line 167
 []




Overfull \vbox (1.01077pt too high) has occurred while \output is active []


Overfull \vbox (1.01077pt too high) has occurred while \output is active []

File: mau-logga-neg.png Graphic file (type png)
<use mau-logga-neg.png>
Package pdftex.def Info: mau-logga-neg.png  used on input line 167.
(pdftex.def)             Requested size: 18.69656pt x 21.99463pt.
 [10

]
Overfull \vbox (1.01077pt too high) detected at line 172
 []


Overfull \vbox (1.01077pt too high) detected at line 172
 []

File: mau-logga-neg.png Graphic file (type png)
<use mau-logga-neg.png>
Package pdftex.def Info: mau-logga-neg.png  used on input line 172.
(pdftex.def)             Requested size: 18.69656pt x 21.99463pt.
\openout4 = `F9-Metoder.vrb'.


Overfull \vbox (1.01077pt too high) detected at line 190
 []


Overfull \vbox (1.01077pt too high) detected at line 190
 []

File: mau-logga-neg.png Graphic file (type png)
<use mau-logga-neg.png>
Package pdftex.def Info: mau-logga-neg.png  used on input line 190.
(pdftex.def)             Requested size: 18.69656pt x 21.99463pt.
(./F9-Metoder.vrb)


Overfull \vbox (1.01077pt too high) has occurred while \output is active []


Overfull \vbox (1.01077pt too high) has occurred while \output is active []

File: mau-logga-neg.png Graphic file (type png)
<use mau-logga-neg.png>
Package pdftex.def Info: mau-logga-neg.png  used on input line 190.
(pdftex.def)             Requested size: 18.69656pt x 21.99463pt.
 [11

]
Overfull \vbox (1.01077pt too high) detected at line 193
 []


Overfull \vbox (1.01077pt too high) detected at line 193
 []

File: mau-logga-neg.png Graphic file (type png)
<use mau-logga-neg.png>
Package pdftex.def Info: mau-logga-neg.png  used on input line 193.
(pdftex.def)             Requested size: 18.69656pt x 21.99463pt.
\openout4 = `F9-Metoder.vrb'.


Overfull \vbox (1.01077pt too high) detected at line 218
 []


Overfull \vbox (1.01077pt too high) detected at line 218
 []

File: mau-logga-neg.png Graphic file (type png)
<use mau-logga-neg.png>
Package pdftex.def Info: mau-logga-neg.png  used on input line 218.
(pdftex.def)             Requested size: 18.69656pt x 21.99463pt.
(./F9-Metoder.vrb)
Overfull \vbox (4.1377pt too high) detected at line 218
 []




Overfull \vbox (1.01077pt too high) has occurred while \output is active []


Overfull \vbox (1.01077pt too high) has occurred while \output is active []

File: mau-logga-neg.png Graphic file (type png)
<use mau-logga-neg.png>
Package pdftex.def Info: mau-logga-neg.png  used on input line 218.
(pdftex.def)             Requested size: 18.69656pt x 21.99463pt.
 [12

]
Overfull \vbox (1.01077pt too high) detected at line 221
 []


Overfull \vbox (1.01077pt too high) detected at line 221
 []

File: mau-logga-neg.png Graphic file (type png)
<use mau-logga-neg.png>
Package pdftex.def Info: mau-logga-neg.png  used on input line 221.
(pdftex.def)             Requested size: 18.69656pt x 21.99463pt.
\openout4 = `F9-Metoder.vrb'.


Overfull \vbox (1.01077pt too high) detected at line 235
 []


Overfull \vbox (1.01077pt too high) detected at line 235
 []

File: mau-logga-neg.png Graphic file (type png)
<use mau-logga-neg.png>
Package pdftex.def Info: mau-logga-neg.png  used on input line 235.
(pdftex.def)             Requested size: 18.69656pt x 21.99463pt.
(./F9-Metoder.vrb)


Overfull \vbox (1.01077pt too high) has occurred while \output is active []


Overfull \vbox (1.01077pt too high) has occurred while \output is active []

File: mau-logga-neg.png Graphic file (type png)
<use mau-logga-neg.png>
Package pdftex.def Info: mau-logga-neg.png  used on input line 235.
(pdftex.def)             Requested size: 18.69656pt x 21.99463pt.
 [13

]
Overfull \vbox (1.01077pt too high) detected at line 240
 []


Overfull \vbox (1.01077pt too high) detected at line 240
 []

File: mau-logga-neg.png Graphic file (type png)
<use mau-logga-neg.png>
Package pdftex.def Info: mau-logga-neg.png  used on input line 240.
(pdftex.def)             Requested size: 18.69656pt x 21.99463pt.
\openout4 = `F9-Metoder.vrb'.


Overfull \vbox (1.01077pt too high) detected at line 260
 []


Overfull \vbox (1.01077pt too high) detected at line 260
 []

File: mau-logga-neg.png Graphic file (type png)
<use mau-logga-neg.png>
Package pdftex.def Info: mau-logga-neg.png  used on input line 260.
(pdftex.def)             Requested size: 18.69656pt x 21.99463pt.
(./F9-Metoder.vrb)
Overfull \vbox (10.40779pt too high) detected at line 260
 []




Overfull \vbox (1.01077pt too high) has occurred while \output is active []


Overfull \vbox (1.01077pt too high) has occurred while \output is active []

File: mau-logga-neg.png Graphic file (type png)
<use mau-logga-neg.png>
Package pdftex.def Info: mau-logga-neg.png  used on input line 260.
(pdftex.def)             Requested size: 18.69656pt x 21.99463pt.
 [14

]
Overfull \vbox (1.01077pt too high) detected at line 263
 []


Overfull \vbox (1.01077pt too high) detected at line 263
 []

File: mau-logga-neg.png Graphic file (type png)
<use mau-logga-neg.png>
Package pdftex.def Info: mau-logga-neg.png  used on input line 263.
(pdftex.def)             Requested size: 18.69656pt x 21.99463pt.
\openout4 = `F9-Metoder.vrb'.


Overfull \vbox (1.01077pt too high) detected at line 274
 []


Overfull \vbox (1.01077pt too high) detected at line 274
 []

File: mau-logga-neg.png Graphic file (type png)
<use mau-logga-neg.png>
Package pdftex.def Info: mau-logga-neg.png  used on input line 274.
(pdftex.def)             Requested size: 18.69656pt x 21.99463pt.
(./F9-Metoder.vrb)


Overfull \vbox (1.01077pt too high) has occurred while \output is active []


Overfull \vbox (1.01077pt too high) has occurred while \output is active []

File: mau-logga-neg.png Graphic file (type png)
<use mau-logga-neg.png>
Package pdftex.def Info: mau-logga-neg.png  used on input line 274.
(pdftex.def)             Requested size: 18.69656pt x 21.99463pt.
 [15

]
Overfull \vbox (1.01077pt too high) detected at line 277
 []


Overfull \vbox (1.01077pt too high) detected at line 277
 []

File: mau-logga-neg.png Graphic file (type png)
<use mau-logga-neg.png>
Package pdftex.def Info: mau-logga-neg.png  used on input line 277.
(pdftex.def)             Requested size: 18.69656pt x 21.99463pt.
\openout4 = `F9-Metoder.vrb'.


Overfull \vbox (1.01077pt too high) detected at line 295
 []


Overfull \vbox (1.01077pt too high) detected at line 295
 []

File: mau-logga-neg.png Graphic file (type png)
<use mau-logga-neg.png>
Package pdftex.def Info: mau-logga-neg.png  used on input line 295.
(pdftex.def)             Requested size: 18.69656pt x 21.99463pt.
(./F9-Metoder.vrb)


Overfull \vbox (1.01077pt too high) has occurred while \output is active []


Overfull \vbox (1.01077pt too high) has occurred while \output is active []

File: mau-logga-neg.png Graphic file (type png)
<use mau-logga-neg.png>
Package pdftex.def Info: mau-logga-neg.png  used on input line 295.
(pdftex.def)             Requested size: 18.69656pt x 21.99463pt.
 [16

]
Overfull \vbox (1.01077pt too high) detected at line 300
 []


Overfull \vbox (1.01077pt too high) detected at line 300
 []

File: mau-logga-neg.png Graphic file (type png)
<use mau-logga-neg.png>
Package pdftex.def Info: mau-logga-neg.png  used on input line 300.
(pdftex.def)             Requested size: 18.69656pt x 21.99463pt.
\openout4 = `F9-Metoder.vrb'.


Overfull \vbox (1.01077pt too high) detected at line 320
 []


Overfull \vbox (1.01077pt too high) detected at line 320
 []

File: mau-logga-neg.png Graphic file (type png)
<use mau-logga-neg.png>
Package pdftex.def Info: mau-logga-neg.png  used on input line 320.
(pdftex.def)             Requested size: 18.69656pt x 21.99463pt.
(./F9-Metoder.vrb)


Overfull \vbox (1.01077pt too high) has occurred while \output is active []


Overfull \vbox (1.01077pt too high) has occurred while \output is active []

File: mau-logga-neg.png Graphic file (type png)
<use mau-logga-neg.png>
Package pdftex.def Info: mau-logga-neg.png  used on input line 320.
(pdftex.def)             Requested size: 18.69656pt x 21.99463pt.
 [17

]
Overfull \vbox (1.01077pt too high) detected at line 323
 []


Overfull \vbox (1.01077pt too high) detected at line 323
 []

File: mau-logga-neg.png Graphic file (type png)
<use mau-logga-neg.png>
Package pdftex.def Info: mau-logga-neg.png  used on input line 323.
(pdftex.def)             Requested size: 18.69656pt x 21.99463pt.
\openout4 = `F9-Metoder.vrb'.


Overfull \vbox (1.01077pt too high) detected at line 335
 []


Overfull \vbox (1.01077pt too high) detected at line 335
 []

File: mau-logga-neg.png Graphic file (type png)
<use mau-logga-neg.png>
Package pdftex.def Info: mau-logga-neg.png  used on input line 335.
(pdftex.def)             Requested size: 18.69656pt x 21.99463pt.
(./F9-Metoder.vrb)


Overfull \vbox (1.01077pt too high) has occurred while \output is active []


Overfull \vbox (1.01077pt too high) has occurred while \output is active []

File: mau-logga-neg.png Graphic file (type png)
<use mau-logga-neg.png>
Package pdftex.def Info: mau-logga-neg.png  used on input line 335.
(pdftex.def)             Requested size: 18.69656pt x 21.99463pt.
 [18

]
Overfull \vbox (1.01077pt too high) detected at line 338
 []


Overfull \vbox (1.01077pt too high) detected at line 338
 []

File: mau-logga-neg.png Graphic file (type png)
<use mau-logga-neg.png>
Package pdftex.def Info: mau-logga-neg.png  used on input line 338.
(pdftex.def)             Requested size: 18.69656pt x 21.99463pt.
\openout4 = `F9-Metoder.vrb'.


Overfull \vbox (1.01077pt too high) detected at line 349
 []


Overfull \vbox (1.01077pt too high) detected at line 349
 []

File: mau-logga-neg.png Graphic file (type png)
<use mau-logga-neg.png>
Package pdftex.def Info: mau-logga-neg.png  used on input line 349.
(pdftex.def)             Requested size: 18.69656pt x 21.99463pt.
(./F9-Metoder.vrb)


Overfull \vbox (1.01077pt too high) has occurred while \output is active []


Overfull \vbox (1.01077pt too high) has occurred while \output is active []

File: mau-logga-neg.png Graphic file (type png)
<use mau-logga-neg.png>
Package pdftex.def Info: mau-logga-neg.png  used on input line 349.
(pdftex.def)             Requested size: 18.69656pt x 21.99463pt.
 [19

]
Overfull \vbox (1.01077pt too high) detected at line 354
 []


Overfull \vbox (1.01077pt too high) detected at line 354
 []

File: mau-logga-neg.png Graphic file (type png)
<use mau-logga-neg.png>
Package pdftex.def Info: mau-logga-neg.png  used on input line 354.
(pdftex.def)             Requested size: 18.69656pt x 21.99463pt.
\openout4 = `F9-Metoder.vrb'.


Overfull \vbox (1.01077pt too high) detected at line 372
 []


Overfull \vbox (1.01077pt too high) detected at line 372
 []

File: mau-logga-neg.png Graphic file (type png)
<use mau-logga-neg.png>
Package pdftex.def Info: mau-logga-neg.png  used on input line 372.
(pdftex.def)             Requested size: 18.69656pt x 21.99463pt.
(./F9-Metoder.vrb)


Overfull \vbox (1.01077pt too high) has occurred while \output is active []


Overfull \vbox (1.01077pt too high) has occurred while \output is active []

File: mau-logga-neg.png Graphic file (type png)
<use mau-logga-neg.png>
Package pdftex.def Info: mau-logga-neg.png  used on input line 372.
(pdftex.def)             Requested size: 18.69656pt x 21.99463pt.
 [20

]
Overfull \vbox (1.01077pt too high) detected at line 386
 []


Overfull \vbox (1.01077pt too high) detected at line 386
 []

File: mau-logga-neg.png Graphic file (type png)
<use mau-logga-neg.png>
Package pdftex.def Info: mau-logga-neg.png  used on input line 386.
(pdftex.def)             Requested size: 18.69656pt x 21.99463pt.



Overfull \vbox (1.01077pt too high) has occurred while \output is active []


Overfull \vbox (1.01077pt too high) has occurred while \output is active []

File: mau-logga-neg.png Graphic file (type png)
<use mau-logga-neg.png>
Package pdftex.def Info: mau-logga-neg.png  used on input line 386.
(pdftex.def)             Requested size: 18.69656pt x 21.99463pt.
 [21

]
Overfull \vbox (1.01077pt too high) detected at line 397
 []


Overfull \vbox (1.01077pt too high) detected at line 397
 []

File: mau-logga-neg.png Graphic file (type png)
<use mau-logga-neg.png>
Package pdftex.def Info: mau-logga-neg.png  used on input line 397.
(pdftex.def)             Requested size: 18.69656pt x 21.99463pt.



Overfull \vbox (1.01077pt too high) has occurred while \output is active []


Overfull \vbox (1.01077pt too high) has occurred while \output is active []

File: mau-logga-neg.png Graphic file (type png)
<use mau-logga-neg.png>
Package pdftex.def Info: mau-logga-neg.png  used on input line 397.
(pdftex.def)             Requested size: 18.69656pt x 21.99463pt.
 [22

]
Overfull \vbox (1.01077pt too high) detected at line 400
 []


Overfull \vbox (1.01077pt too high) detected at line 400
 []

File: mau-logga-neg.png Graphic file (type png)
<use mau-logga-neg.png>
Package pdftex.def Info: mau-logga-neg.png  used on input line 400.
(pdftex.def)             Requested size: 18.69656pt x 21.99463pt.
\openout4 = `F9-Metoder.vrb'.


Overfull \vbox (1.01077pt too high) detected at line 422
 []


Overfull \vbox (1.01077pt too high) detected at line 422
 []

File: mau-logga-neg.png Graphic file (type png)
<use mau-logga-neg.png>
Package pdftex.def Info: mau-logga-neg.png  used on input line 422.
(pdftex.def)             Requested size: 18.69656pt x 21.99463pt.
(./F9-Metoder.vrb)


Overfull \vbox (1.01077pt too high) has occurred while \output is active []


Overfull \vbox (1.01077pt too high) has occurred while \output is active []

File: mau-logga-neg.png Graphic file (type png)
<use mau-logga-neg.png>
Package pdftex.def Info: mau-logga-neg.png  used on input line 422.
(pdftex.def)             Requested size: 18.69656pt x 21.99463pt.
 [23

]
Overfull \vbox (1.01077pt too high) detected at line 427
 []


Overfull \vbox (1.01077pt too high) detected at line 427
 []

File: mau-logga-neg.png Graphic file (type png)
<use mau-logga-neg.png>
Package pdftex.def Info: mau-logga-neg.png  used on input line 427.
(pdftex.def)             Requested size: 18.69656pt x 21.99463pt.
\openout4 = `F9-Metoder.vrb'.


Overfull \vbox (1.01077pt too high) detected at line 442
 []


Overfull \vbox (1.01077pt too high) detected at line 442
 []

File: mau-logga-neg.png Graphic file (type png)
<use mau-logga-neg.png>
Package pdftex.def Info: mau-logga-neg.png  used on input line 442.
(pdftex.def)             Requested size: 18.69656pt x 21.99463pt.
(./F9-Metoder.vrb)


Overfull \vbox (1.01077pt too high) has occurred while \output is active []


Overfull \vbox (1.01077pt too high) has occurred while \output is active []

File: mau-logga-neg.png Graphic file (type png)
<use mau-logga-neg.png>
Package pdftex.def Info: mau-logga-neg.png  used on input line 442.
(pdftex.def)             Requested size: 18.69656pt x 21.99463pt.
 [24

]
Overfull \vbox (1.01077pt too high) detected at line 445
 []


Overfull \vbox (1.01077pt too high) detected at line 445
 []

File: mau-logga-neg.png Graphic file (type png)
<use mau-logga-neg.png>
Package pdftex.def Info: mau-logga-neg.png  used on input line 445.
(pdftex.def)             Requested size: 18.69656pt x 21.99463pt.
\openout4 = `F9-Metoder.vrb'.


Overfull \vbox (1.01077pt too high) detected at line 462
 []


Overfull \vbox (1.01077pt too high) detected at line 462
 []

File: mau-logga-neg.png Graphic file (type png)
<use mau-logga-neg.png>
Package pdftex.def Info: mau-logga-neg.png  used on input line 462.
(pdftex.def)             Requested size: 18.69656pt x 21.99463pt.
(./F9-Metoder.vrb)


Overfull \vbox (1.01077pt too high) has occurred while \output is active []


Overfull \vbox (1.01077pt too high) has occurred while \output is active []

File: mau-logga-neg.png Graphic file (type png)
<use mau-logga-neg.png>
Package pdftex.def Info: mau-logga-neg.png  used on input line 462.
(pdftex.def)             Requested size: 18.69656pt x 21.99463pt.
 [25

]
Overfull \vbox (1.01077pt too high) detected at line 465
 []


Overfull \vbox (1.01077pt too high) detected at line 465
 []

File: mau-logga-neg.png Graphic file (type png)
<use mau-logga-neg.png>
Package pdftex.def Info: mau-logga-neg.png  used on input line 465.
(pdftex.def)             Requested size: 18.69656pt x 21.99463pt.
\openout4 = `F9-Metoder.vrb'.


Overfull \vbox (1.01077pt too high) detected at line 481
 []


Overfull \vbox (1.01077pt too high) detected at line 481
 []

File: mau-logga-neg.png Graphic file (type png)
<use mau-logga-neg.png>
Package pdftex.def Info: mau-logga-neg.png  used on input line 481.
(pdftex.def)             Requested size: 18.69656pt x 21.99463pt.
(./F9-Metoder.vrb)


Overfull \vbox (1.01077pt too high) has occurred while \output is active []


Overfull \vbox (1.01077pt too high) has occurred while \output is active []

File: mau-logga-neg.png Graphic file (type png)
<use mau-logga-neg.png>
Package pdftex.def Info: mau-logga-neg.png  used on input line 481.
(pdftex.def)             Requested size: 18.69656pt x 21.99463pt.
 [26

]
Overfull \vbox (1.01077pt too high) detected at line 484
 []


Overfull \vbox (1.01077pt too high) detected at line 484
 []

File: mau-logga-neg.png Graphic file (type png)
<use mau-logga-neg.png>
Package pdftex.def Info: mau-logga-neg.png  used on input line 484.
(pdftex.def)             Requested size: 18.69656pt x 21.99463pt.
\openout4 = `F9-Metoder.vrb'.


Overfull \vbox (1.01077pt too high) detected at line 492
 []


Overfull \vbox (1.01077pt too high) detected at line 492
 []

File: mau-logga-neg.png Graphic file (type png)
<use mau-logga-neg.png>
Package pdftex.def Info: mau-logga-neg.png  used on input line 492.
(pdftex.def)             Requested size: 18.69656pt x 21.99463pt.
(./F9-Metoder.vrb)


Overfull \vbox (1.01077pt too high) has occurred while \output is active []


Overfull \vbox (1.01077pt too high) has occurred while \output is active []

File: mau-logga-neg.png Graphic file (type png)
<use mau-logga-neg.png>
Package pdftex.def Info: mau-logga-neg.png  used on input line 492.
(pdftex.def)             Requested size: 18.69656pt x 21.99463pt.
 [27

]
Overfull \vbox (1.01077pt too high) detected at line 494
 []

File: mau-logga-neg.png Graphic file (type png)
<use mau-logga-neg.png>
Package pdftex.def Info: mau-logga-neg.png  used on input line 494.
(pdftex.def)             Requested size: 18.69656pt x 21.99463pt.
(./F9-Metoder.toc)


Overfull \vbox (1.01077pt too high) has occurred while \output is active []

File: mau-logga-neg.png Graphic file (type png)
<use mau-logga-neg.png>
Package pdftex.def Info: mau-logga-neg.png  used on input line 494.
(pdftex.def)             Requested size: 18.69656pt x 21.99463pt.
 [28

]
Overfull \vbox (1.01077pt too high) detected at line 511
 []

File: mau-logga-neg.png Graphic file (type png)
<use mau-logga-neg.png>
Package pdftex.def Info: mau-logga-neg.png  used on input line 511.
(pdftex.def)             Requested size: 18.69656pt x 21.99463pt.



Overfull \vbox (1.01077pt too high) has occurred while \output is active []

File: mau-logga-neg.png Graphic file (type png)
<use mau-logga-neg.png>
Package pdftex.def Info: mau-logga-neg.png  used on input line 511.
(pdftex.def)             Requested size: 18.69656pt x 21.99463pt.
 [29

]
Overfull \vbox (1.01077pt too high) detected at line 514
 []

File: mau-logga-neg.png Graphic file (type png)
<use mau-logga-neg.png>
Package pdftex.def Info: mau-logga-neg.png  used on input line 514.
(pdftex.def)             Requested size: 18.69656pt x 21.99463pt.
\openout4 = `F9-Metoder.vrb'.


Overfull \vbox (1.01077pt too high) detected at line 532
 []

File: mau-logga-neg.png Graphic file (type png)
<use mau-logga-neg.png>
Package pdftex.def Info: mau-logga-neg.png  used on input line 532.
(pdftex.def)             Requested size: 18.69656pt x 21.99463pt.
(./F9-Metoder.vrb)


Overfull \vbox (1.01077pt too high) has occurred while \output is active []

File: mau-logga-neg.png Graphic file (type png)
<use mau-logga-neg.png>
Package pdftex.def Info: mau-logga-neg.png  used on input line 532.
(pdftex.def)             Requested size: 18.69656pt x 21.99463pt.
 [30

]
Overfull \vbox (1.01077pt too high) detected at line 535
 []

File: mau-logga-neg.png Graphic file (type png)
<use mau-logga-neg.png>
Package pdftex.def Info: mau-logga-neg.png  used on input line 535.
(pdftex.def)             Requested size: 18.69656pt x 21.99463pt.
\openout4 = `F9-Metoder.vrb'.


Overfull \vbox (1.01077pt too high) detected at line 550
 []

File: mau-logga-neg.png Graphic file (type png)
<use mau-logga-neg.png>
Package pdftex.def Info: mau-logga-neg.png  used on input line 550.
(pdftex.def)             Requested size: 18.69656pt x 21.99463pt.
(./F9-Metoder.vrb)


Overfull \vbox (1.01077pt too high) has occurred while \output is active []

File: mau-logga-neg.png Graphic file (type png)
<use mau-logga-neg.png>
Package pdftex.def Info: mau-logga-neg.png  used on input line 550.
(pdftex.def)             Requested size: 18.69656pt x 21.99463pt.
 [31

]
Overfull \vbox (1.01077pt too high) detected at line 553
 []

File: mau-logga-neg.png Graphic file (type png)
<use mau-logga-neg.png>
Package pdftex.def Info: mau-logga-neg.png  used on input line 553.
(pdftex.def)             Requested size: 18.69656pt x 21.99463pt.
\openout4 = `F9-Metoder.vrb'.


Overfull \vbox (1.01077pt too high) detected at line 566
 []

File: mau-logga-neg.png Graphic file (type png)
<use mau-logga-neg.png>
Package pdftex.def Info: mau-logga-neg.png  used on input line 566.
(pdftex.def)             Requested size: 18.69656pt x 21.99463pt.
(./F9-Metoder.vrb)


Overfull \vbox (1.01077pt too high) has occurred while \output is active []

File: mau-logga-neg.png Graphic file (type png)
<use mau-logga-neg.png>
Package pdftex.def Info: mau-logga-neg.png  used on input line 566.
(pdftex.def)             Requested size: 18.69656pt x 21.99463pt.
 [32

]
Overfull \vbox (1.01077pt too high) detected at line 569
 []

File: mau-logga-neg.png Graphic file (type png)
<use mau-logga-neg.png>
Package pdftex.def Info: mau-logga-neg.png  used on input line 569.
(pdftex.def)             Requested size: 18.69656pt x 21.99463pt.
\openout4 = `F9-Metoder.vrb'.


Overfull \vbox (1.01077pt too high) detected at line 583
 []

File: mau-logga-neg.png Graphic file (type png)
<use mau-logga-neg.png>
Package pdftex.def Info: mau-logga-neg.png  used on input line 583.
(pdftex.def)             Requested size: 18.69656pt x 21.99463pt.
(./F9-Metoder.vrb)


Overfull \vbox (1.01077pt too high) has occurred while \output is active []

File: mau-logga-neg.png Graphic file (type png)
<use mau-logga-neg.png>
Package pdftex.def Info: mau-logga-neg.png  used on input line 583.
(pdftex.def)             Requested size: 18.69656pt x 21.99463pt.
 [33

]
Overfull \vbox (1.01077pt too high) detected at line 604
 []

File: mau-logga-neg.png Graphic file (type png)
<use mau-logga-neg.png>
Package pdftex.def Info: mau-logga-neg.png  used on input line 604.
(pdftex.def)             Requested size: 18.69656pt x 21.99463pt.



Overfull \vbox (1.01077pt too high) has occurred while \output is active []

File: mau-logga-neg.png Graphic file (type png)
<use mau-logga-neg.png>
Package pdftex.def Info: mau-logga-neg.png  used on input line 604.
(pdftex.def)             Requested size: 18.69656pt x 21.99463pt.
 [34

]
Overfull \vbox (1.01077pt too high) detected at line 619
 []

File: mau-logga-neg.png Graphic file (type png)
<use mau-logga-neg.png>
Package pdftex.def Info: mau-logga-neg.png  used on input line 619.
(pdftex.def)             Requested size: 18.69656pt x 21.99463pt.



Overfull \vbox (1.01077pt too high) has occurred while \output is active []

File: mau-logga-neg.png Graphic file (type png)
<use mau-logga-neg.png>
Package pdftex.def Info: mau-logga-neg.png  used on input line 619.
(pdftex.def)             Requested size: 18.69656pt x 21.99463pt.
 [35

]
Overfull \vbox (1.01077pt too high) detected at line 635
 []

File: mau-logga-neg.png Graphic file (type png)
<use mau-logga-neg.png>
Package pdftex.def Info: mau-logga-neg.png  used on input line 635.
(pdftex.def)             Requested size: 18.69656pt x 21.99463pt.



Overfull \vbox (1.01077pt too high) has occurred while \output is active []

File: mau-logga-neg.png Graphic file (type png)
<use mau-logga-neg.png>
Package pdftex.def Info: mau-logga-neg.png  used on input line 635.
(pdftex.def)             Requested size: 18.69656pt x 21.99463pt.
 [36

]
Overfull \vbox (1.01077pt too high) detected at line 654
 []

File: mau-logga-neg.png Graphic file (type png)
<use mau-logga-neg.png>
Package pdftex.def Info: mau-logga-neg.png  used on input line 654.
(pdftex.def)             Requested size: 18.69656pt x 21.99463pt.



Overfull \vbox (1.01077pt too high) has occurred while \output is active []

File: mau-logga-neg.png Graphic file (type png)
<use mau-logga-neg.png>
Package pdftex.def Info: mau-logga-neg.png  used on input line 654.
(pdftex.def)             Requested size: 18.69656pt x 21.99463pt.
 [37

]
Overfull \vbox (1.01077pt too high) detected at line 656
 []

File: mau-logga-neg.png Graphic file (type png)
<use mau-logga-neg.png>
Package pdftex.def Info: mau-logga-neg.png  used on input line 656.
(pdftex.def)             Requested size: 18.69656pt x 21.99463pt.
(./F9-Metoder.toc)


Overfull \vbox (1.01077pt too high) has occurred while \output is active []

File: mau-logga-neg.png Graphic file (type png)
<use mau-logga-neg.png>
Package pdftex.def Info: mau-logga-neg.png  used on input line 656.
(pdftex.def)             Requested size: 18.69656pt x 21.99463pt.
 [38

]
Overfull \vbox (1.01077pt too high) detected at line 682
 []

File: mau-logga-neg.png Graphic file (type png)
<use mau-logga-neg.png>
Package pdftex.def Info: mau-logga-neg.png  used on input line 682.
(pdftex.def)             Requested size: 18.69656pt x 21.99463pt.



Overfull \vbox (1.01077pt too high) has occurred while \output is active []

File: mau-logga-neg.png Graphic file (type png)
<use mau-logga-neg.png>
Package pdftex.def Info: mau-logga-neg.png  used on input line 682.
(pdftex.def)             Requested size: 18.69656pt x 21.99463pt.
 [39

]
Overfull \vbox (1.01077pt too high) detected at line 700
 []

File: mau-logga-neg.png Graphic file (type png)
<use mau-logga-neg.png>
Package pdftex.def Info: mau-logga-neg.png  used on input line 700.
(pdftex.def)             Requested size: 18.69656pt x 21.99463pt.



Overfull \vbox (1.01077pt too high) has occurred while \output is active []

File: mau-logga-neg.png Graphic file (type png)
<use mau-logga-neg.png>
Package pdftex.def Info: mau-logga-neg.png  used on input line 700.
(pdftex.def)             Requested size: 18.69656pt x 21.99463pt.
 [40

]
Overfull \vbox (1.01077pt too high) detected at line 717
 []

File: mau-logga-neg.png Graphic file (type png)
<use mau-logga-neg.png>
Package pdftex.def Info: mau-logga-neg.png  used on input line 717.
(pdftex.def)             Requested size: 18.69656pt x 21.99463pt.



Overfull \vbox (1.01077pt too high) has occurred while \output is active []

File: mau-logga-neg.png Graphic file (type png)
<use mau-logga-neg.png>
Package pdftex.def Info: mau-logga-neg.png  used on input line 717.
(pdftex.def)             Requested size: 18.69656pt x 21.99463pt.
 [41

]
\tf@nav=\write6
\openout6 = `F9-Metoder.nav'.

\tf@toc=\write7
\openout7 = `F9-Metoder.toc'.

\tf@snm=\write8
\openout8 = `F9-Metoder.snm'.

 (./F9-Metoder.aux)
 ***********
LaTeX2e <2025-06-01> patch level 1
L3 programming layer <2025-08-13>
 ***********
Package rerunfilecheck Info: File `F9-Metoder.out' has not changed.
(rerunfilecheck)             Checksum: F401754A0BBD42D94AF2FBD45459A092;2234.
 ) 
Here is how much of TeX's memory you used:
 25238 strings out of 467800
 469437 string characters out of 5436061
 1159988 words of memory out of 5000000
 53231 multiletter control sequences out of 15000+600000
 641101 words of font info for 73 fonts, out of 8000000 for 9000
 1141 hyphenation exceptions out of 8191
 128i,19n,123p,429b,1489s stack positions out of 10000i,1000n,20000p,200000b,200000s
<c:/texlive/2025/texmf-dist/fonts/type1/public/amsfonts/cm/cmsy10.pfb><c:/texlive/2025/texmf-dist/fonts/type1/public/amsfonts/symbols/msam10.pfb><c:/texlive/2025/texmf-dist/fonts/type1/public/cm-super/sfbx1095.pfb><c:/texlive/2025/texmf-dist/fonts/type1/public/cm-super/sfbx1440.pfb><c:/texlive/2025/texmf-dist/fonts/type1/public/cm-super/sfit1000.pfb><c:/texlive/2025/texmf-dist/fonts/type1/public/cm-super/sfrm0600.pfb><c:/texlive/2025/texmf-dist/fonts/type1/public/cm-super/sfrm0800.pfb><c:/texlive/2025/texmf-dist/fonts/type1/public/cm-super/sfrm0900.pfb><c:/texlive/2025/texmf-dist/fonts/type1/public/cm-super/sfrm1095.pfb><c:/texlive/2025/texmf-dist/fonts/type1/public/cm-super/sfrm1440.pfb><c:/texlive/2025/texmf-dist/fonts/type1/public/cm-super/sfti1095.pfb><c:/texlive/2025/texmf-dist/fonts/type1/public/cm-super/sftt1000.pfb><c:/texlive/2025/texmf-dist/fonts/type1/public/cm-super/sftt1095.pfb>
Output written on F9-Metoder.pdf (41 pages, 429183 bytes).
PDF statistics:
 2206 PDF objects out of 2487 (max. 8388607)
 1530 compressed objects within 16 object streams
 99 named destinations out of 1000 (max. 500000)
 176 words of extra memory for PDF output out of 10000 (max. 10000000)

